<?xml version="1.0" encoding="UTF-8"?>
<!-- Generated by org.testng.reporters.JUnitReportReporter -->
<testsuite skipped="0" hostname="VLSYS51-39" name="DEMO_POM.LoginTest" tests="3" failures="0" timestamp="01 Jul 2019 12:09:35 GMT" time="5.444" errors="0">
  <testcase name="verify1" time="1.664" classname="DEMO_POM.LoginTest"/>
  <testcase name="verify2" time="1.649" classname="DEMO_POM.LoginTest"/>
  <testcase name="verify3" time="2.131" classname="DEMO_POM.LoginTest"/>
</testsuite> <!-- DEMO_POM.LoginTest -->
