<?xml version="1.0" encoding="UTF-8"?>
<!-- Generated by org.testng.reporters.JUnitReportReporter -->
<testsuite skipped="0" hostname="VLSYS51-39" name="Tests.Test_ER_Visit" tests="5" failures="0" timestamp="02 Jul 2019 06:12:34 GMT" time="53.866" errors="0">
  <testcase name="loginTest" time="4.748" classname="Tests.Test_ER_Visit"/>
  <testcase name="ER_visit" time="12.420" classname="Tests.Test_ER_Visit"/>
  <testcase name="ER_visit" time="12.624" classname="Tests.Test_ER_Visit"/>
  <testcase name="ER_visit" time="11.960" classname="Tests.Test_ER_Visit"/>
  <testcase name="ER_visit" time="12.114" classname="Tests.Test_ER_Visit"/>
</testsuite> <!-- Tests.Test_ER_Visit -->
